#
# There is insufficient memory for the Java Runtime Environment to continue.
# Native memory allocation (mmap) failed to map 268435456 bytes for G1 virtual space
# Possible reasons:
#   The system is out of physical RAM or swap space
#   The process is running with CompressedOops enabled, and the Java Heap may be blocking the growth of the native heap
# Possible solutions:
#   Reduce memory load on the system
#   Increase physical memory or swap space
#   Check if swap backing store is full
#   Decrease Java heap size (-Xmx/-Xms)
#   Decrease number of Java threads
#   Decrease Java thread stack sizes (-Xss)
#   Set larger code cache with -XX:ReservedCodeCacheSize=
#   JVM is running with Zero Based Compressed Oops mode in which the Java heap is
#     placed in the first 32GB address space. The Java Heap base address is the
#     maximum limit for the native heap growth. Please use -XX:HeapBaseMinAddress
#     to set the Java Heap base and to place the Java Heap above 32GB virtual address.
# This output file may be truncated or incomplete.
#
#  Out of Memory Error (os_windows.cpp:3617), pid=2920, tid=26268
#
# JRE version:  (17.0.8.1+8) (build )
# Java VM: OpenJDK 64-Bit Server VM (17.0.8.1+8-LTS, mixed mode, emulated-client, sharing, tiered, compressed oops, compressed class ptrs, g1 gc, windows-amd64)
# No core dump will be written. Minidumps are not enabled by default on client versions of Windows
#

---------------  S U M M A R Y ------------

Command Line: -XX:TieredStopAtLevel=1 -Dspring.output.ansi.enabled=always -Dcom.sun.management.jmxremote -Dspring.jmx.enabled=true -Dspring.liveBeansView.mbeanDomain -Dspring.application.admin.enabled=true -Dmanagement.endpoints.jmx.exposure.include=* -javaagent:C:\Program Files\JetBrains\IntelliJ IDEA 2024.1.4\lib\idea_rt.jar=3484:C:\Program Files\JetBrains\IntelliJ IDEA 2024.1.4\bin -Dfile.encoding=UTF-8 com.zerobase.dividend.DividendApplication

Host: Intel(R) Core(TM) i5-8400 CPU @ 2.80GHz, 6 cores, 15G,  Windows 10 , 64 bit Build 19041 (10.0.19041.3636)
Time: Thu Jul  4 05:59:08 2024  Windows 10 , 64 bit Build 19041 (10.0.19041.3636) elapsed time: 0.018251 seconds (0d 0h 0m 0s)

---------------  T H R E A D  ---------------

Current thread (0x00000215fb000040):  JavaThread "Unknown thread" [_thread_in_vm, id=26268, stack(0x0000006cff000000,0x0000006cff100000)]

Stack: [0x0000006cff000000,0x0000006cff100000]
Native frames: (J=compiled Java code, j=interpreted, Vv=VM code, C=native code)
V  [jvm.dll+0x64c9da]
V  [jvm.dll+0x800834]
V  [jvm.dll+0x801fee]
V  [jvm.dll+0x802643]
V  [jvm.dll+0x23715b]
V  [jvm.dll+0x64977a]
V  [jvm.dll+0x63e1ca]
V  [jvm.dll+0x2f5e99]
V  [jvm.dll+0x2fd096]
V  [jvm.dll+0x349b7a]
V  [jvm.dll+0x349dbf]
V  [jvm.dll+0x2cc0d8]
V  [jvm.dll+0x2cd069]
V  [jvm.dll+0x7d4491]
V  [jvm.dll+0x357051]
V  [jvm.dll+0x7b485e]
V  [jvm.dll+0x3d45f3]
V  [jvm.dll+0x3d6041]
C  [jli.dll+0x51bf]
C  [ucrtbase.dll+0x21bb2]
C  [KERNEL32.DLL+0x17344]
C  [ntdll.dll+0x4cc91]


---------------  P R O C E S S  ---------------

Threads class SMR info:
_java_thread_list=0x00007ffb532cf898, length=0, elements={
}

Java Threads: ( => current thread )

Other Threads:
  0x00000215fb06a900 GCTaskThread "GC Thread#0" [stack: 0x0000006cff100000,0x0000006cff200000] [id=27004]
  0x00000215fb07b710 ConcurrentGCThread "G1 Main Marker" [stack: 0x0000006cff200000,0x0000006cff300000] [id=17840]
  0x00000215fb07c8c0 ConcurrentGCThread "G1 Conc#0" [stack: 0x0000006cff300000,0x0000006cff400000] [id=3420]

[error occurred during error reporting (printing all threads), id 0xc0000005, EXCEPTION_ACCESS_VIOLATION (0xc0000005) at pc=0x00007ffb52abd377]

VM state: not at safepoint (not fully initialized)

VM Mutex/Monitor currently owned by a thread:  ([mutex/lock_event])
[0x00000215faffb8a0] Heap_lock - owner thread: 0x00000215fb000040

Heap address: 0x0000000701400000, size: 4076 MB, Compressed Oops mode: Zero based, Oop shift amount: 3

CDS archive(s) mapped at: [0x0000000000000000-0x0000000000000000-0x0000000000000000), size 0, SharedBaseAddress: 0x0000000800000000, ArchiveRelocationMode: 1.
Narrow klass base: 0x0000000000000000, Narrow klass shift: 0, Narrow klass range: 0x0

GC Precious Log:
<Empty>

Heap:
 garbage-first heap   total 0K, used 0K [0x0000000701400000, 0x0000000800000000)
  region size 2048K, 0 young (0K), 0 survivors (0K)

[error occurred during error reporting (printing heap information), id 0xc0000005, EXCEPTION_ACCESS_VIOLATION (0xc0000005) at pc=0x00007ffb52e84bd9]

GC Heap History (0 events):
No events

Dll operation events (1 events):
Event: 0.013 Loaded shared library C:\Users\gmldu\.jdks\corretto-17.0.8.1\bin\java.dll

Deoptimization events (0 events):
No events

Classes unloaded (0 events):
No events

Classes redefined (0 events):
No events

Internal exceptions (0 events):
No events

VM Operations (0 events):
No events

Events (0 events):
No events


Dynamic libraries:
0x00007ff6c1b40000 - 0x00007ff6c1b4d000 	C:\Users\gmldu\.jdks\corretto-17.0.8.1\bin\java.exe
0x00007ffb9ef10000 - 0x00007ffb9f108000 	C:\WINDOWS\SYSTEM32\ntdll.dll
0x00007ffb9ea60000 - 0x00007ffb9eb1d000 	C:\WINDOWS\System32\KERNEL32.DLL
0x00007ffb9ca90000 - 0x00007ffb9cd86000 	C:\WINDOWS\System32\KERNELBASE.dll
0x00007ffb9c990000 - 0x00007ffb9ca90000 	C:\WINDOWS\System32\ucrtbase.dll
0x00007ffb8ced0000 - 0x00007ffb8cee7000 	C:\Users\gmldu\.jdks\corretto-17.0.8.1\bin\jli.dll
0x00007ffb99780000 - 0x00007ffb99795000 	C:\Users\gmldu\.jdks\corretto-17.0.8.1\bin\VCRUNTIME140.dll
0x00007ffb9e8c0000 - 0x00007ffb9ea5f000 	C:\WINDOWS\System32\USER32.dll
0x00007ffb9ce00000 - 0x00007ffb9ce22000 	C:\WINDOWS\System32\win32u.dll
0x00007ffb90970000 - 0x00007ffb90c0a000 	C:\WINDOWS\WinSxS\amd64_microsoft.windows.common-controls_6595b64144ccf1df_6.0.19041.4355_none_60b8b9eb71f62e16\COMCTL32.dll
0x00007ffb9ebf0000 - 0x00007ffb9ec8e000 	C:\WINDOWS\System32\msvcrt.dll
0x00007ffb9eb20000 - 0x00007ffb9eb4b000 	C:\WINDOWS\System32\GDI32.dll
0x00007ffb9ce30000 - 0x00007ffb9cf47000 	C:\WINDOWS\System32\gdi32full.dll
0x00007ffb9c760000 - 0x00007ffb9c7fd000 	C:\WINDOWS\System32\msvcp_win.dll
0x00007ffb9cfb0000 - 0x00007ffb9cfdf000 	C:\WINDOWS\System32\IMM32.DLL
0x00007ffb7a230000 - 0x00007ffb7a2cb000 	C:\Users\gmldu\.jdks\corretto-17.0.8.1\bin\msvcp140.dll
0x00007ffb527e0000 - 0x00007ffb533fd000 	C:\Users\gmldu\.jdks\corretto-17.0.8.1\bin\server\jvm.dll
0x00007ffb9d040000 - 0x00007ffb9d0f0000 	C:\WINDOWS\System32\ADVAPI32.dll
0x00007ffb9eb50000 - 0x00007ffb9ebf0000 	C:\WINDOWS\System32\sechost.dll
0x00007ffb9d450000 - 0x00007ffb9d573000 	C:\WINDOWS\System32\RPCRT4.dll
0x00007ffb9c5d0000 - 0x00007ffb9c5f7000 	C:\WINDOWS\System32\bcrypt.dll
0x00007ffb9bb10000 - 0x00007ffb9bb5b000 	C:\WINDOWS\SYSTEM32\POWRPROF.dll
0x00007ffb96950000 - 0x00007ffb9695a000 	C:\WINDOWS\SYSTEM32\VERSION.dll
0x00007ffb80f10000 - 0x00007ffb80f19000 	C:\WINDOWS\SYSTEM32\WSOCK32.dll
0x00007ffb9d9c0000 - 0x00007ffb9da2b000 	C:\WINDOWS\System32\WS2_32.dll
0x00007ffb92c90000 - 0x00007ffb92cb7000 	C:\WINDOWS\SYSTEM32\WINMM.dll
0x00007ffb9b980000 - 0x00007ffb9b992000 	C:\WINDOWS\SYSTEM32\UMPDC.dll
0x00007ffb9a430000 - 0x00007ffb9a442000 	C:\WINDOWS\SYSTEM32\kernel.appcore.dll
0x00007ffb98d80000 - 0x00007ffb98d8a000 	C:\Users\gmldu\.jdks\corretto-17.0.8.1\bin\jimage.dll
0x00007ffb91740000 - 0x00007ffb91924000 	C:\WINDOWS\SYSTEM32\DBGHELP.DLL
0x00007ffb8ea60000 - 0x00007ffb8ea94000 	C:\WINDOWS\SYSTEM32\dbgcore.DLL
0x00007ffb9c8b0000 - 0x00007ffb9c932000 	C:\WINDOWS\System32\bcryptPrimitives.dll
0x00007ffb8cec0000 - 0x00007ffb8cece000 	C:\Users\gmldu\.jdks\corretto-17.0.8.1\bin\instrument.dll
0x00007ffb82a40000 - 0x00007ffb82a65000 	C:\Users\gmldu\.jdks\corretto-17.0.8.1\bin\java.dll

dbghelp: loaded successfully - version: 4.0.5 - missing functions: none
symbol engine: initialized successfully - sym options: 0x614 - pdb path: .;C:\Users\gmldu\.jdks\corretto-17.0.8.1\bin;C:\WINDOWS\SYSTEM32;C:\WINDOWS\WinSxS\amd64_microsoft.windows.common-controls_6595b64144ccf1df_6.0.19041.4355_none_60b8b9eb71f62e16;C:\Users\gmldu\.jdks\corretto-17.0.8.1\bin\server

VM Arguments:
jvm_args: -XX:TieredStopAtLevel=1 -Dspring.output.ansi.enabled=always -Dcom.sun.management.jmxremote -Dspring.jmx.enabled=true -Dspring.liveBeansView.mbeanDomain -Dspring.application.admin.enabled=true -Dmanagement.endpoints.jmx.exposure.include=* -javaagent:C:\Program Files\JetBrains\IntelliJ IDEA 2024.1.4\lib\idea_rt.jar=3484:C:\Program Files\JetBrains\IntelliJ IDEA 2024.1.4\bin -Dfile.encoding=UTF-8 
java_command: com.zerobase.dividend.DividendApplication
java_class_path (initial): D:\backend\project\Dividend\build\classes\java\main;D:\backend\project\Dividend\build\resources\main;C:\Users\gmldu\.gradle\caches\modules-2\files-2.1\org.projectlombok\lombok\1.18.32\17d46b3e205515e1e8efd3ee4d57ce8018914163\lombok-1.18.32.jar;C:\Users\gmldu\.gradle\caches\modules-2\files-2.1\org.springframework.boot\spring-boot-starter-data-jpa\3.2.7\4051a81f6d846ceefb873574062ed3d36fb6e488\spring-boot-starter-data-jpa-3.2.7.jar;C:\Users\gmldu\.gradle\caches\modules-2\files-2.1\org.springframework.boot\spring-boot-starter-data-redis\3.2.7\daf0ddc6877071f9e4f602cf1d8f29934b75e4a3\spring-boot-starter-data-redis-3.2.7.jar;C:\Users\gmldu\.gradle\caches\modules-2\files-2.1\org.springframework.boot\spring-boot-starter-security\3.2.7\78bd536a11ffb350d3ce9a3e3eff63f21899fed4\spring-boot-starter-security-3.2.7.jar;C:\Users\gmldu\.gradle\caches\modules-2\files-2.1\org.springframework.boot\spring-boot-starter-web\3.2.7\d8d60d4399c257ca865860efbf98734e7c3c8816\spring-boot-starter-web-3.2.7.jar;C:\Users\gmldu\.gradle\caches\modules-2\files-2.1\org.jsoup\jsoup\1.15.3\f6e1d8a8819f854b681c8eaa57fd59a42329e10c\jsoup-1.15.3.jar;C:\Users\gmldu\.gradle\caches\modules-2\files-2.1\io.jsonwebtoken\jjwt\0.9.1\54d2abfc3e63a28824d35bf600d6a5d627da681a\jjwt-0.9.1.jar;C:\Users\gmldu\.gradle\caches\modules-2\files-2.1\org.apache.commons\commons-collections4\4.3\1c262f70f9b3c2351f1d13a9a9bd10d2ec7cfbc4\commons-collections4-4.3.jar;C:\Users\gmldu\.gradle\caches\modules-2\files-2.1\org.springframework.boot\spring-boot-starter-aop\3.2.7\38bd0f08b662af58bfad60feb2383d168b0ea7b7\spring-boot-starter-aop-3.2.7.jar;C:\Users\gmldu\.gradle\caches\modules-2\files-2.1\org.springframework.boot\spring-boot-starter-jdbc\3.2.7\90c9606a1309cd4c38605d0eaedd9d7d7ef2ef21\spring-boot-starter-jdbc-3.2.7.jar;C:\Users\gmldu\.gradle\caches\modules-2\files-2.1\org.hibernate.orm\hibernate-core\6.4.9.Final\830adecd8345f54ae3fc49593cb7326883a97d9e\hibernate-core-6.4.9.Final.jar;C:\Users\gmldu\.
Launcher Type: SUN_STANDARD

[Global flags]
     intx CICompilerCount                          = 3                                         {product} {ergonomic}
     uint ConcGCThreads                            = 2                                         {product} {ergonomic}
     uint G1ConcRefinementThreads                  = 6                                         {product} {ergonomic}
   size_t G1HeapRegionSize                         = 2097152                                   {product} {ergonomic}
    uintx GCDrainStackTargetSize                   = 64                                        {product} {ergonomic}
   size_t InitialHeapSize                          = 268435456                                 {product} {ergonomic}
     bool ManagementServer                         = true                                      {product} {command line}
   size_t MarkStackSize                            = 4194304                                   {product} {ergonomic}
   size_t MaxHeapSize                              = 4273995776                                {product} {ergonomic}
   size_t MinHeapDeltaBytes                        = 2097152                                   {product} {ergonomic}
   size_t MinHeapSize                              = 8388608                                   {product} {ergonomic}
    uintx NonProfiledCodeHeapSize                  = 0                                      {pd product} {ergonomic}
     bool ProfileInterpreter                       = false                                  {pd product} {command line}
    uintx ProfiledCodeHeapSize                     = 0                                      {pd product} {ergonomic}
   size_t SoftMaxHeapSize                          = 4273995776                             {manageable} {ergonomic}
     intx TieredStopAtLevel                        = 1                                         {product} {command line}
     bool UseCompressedClassPointers               = true                           {product lp64_product} {ergonomic}
     bool UseCompressedOops                        = true                           {product lp64_product} {ergonomic}
     bool UseG1GC                                  = true                                      {product} {ergonomic}
     bool UseLargePagesIndividualAllocation        = false                                  {pd product} {ergonomic}

Logging:
Log output configuration:
 #0: stdout all=warning uptime,level,tags
 #1: stderr all=off uptime,level,tags

Environment Variables:
JAVA_HOME=C:\Program Files\Java\jdk-11
PATH=C:\oraclexe\app\oracle\product\11.2.0\server\bin;;C:\oraclexe\app\oracle\product\11.2.0\server\bin;C:\Program Files\Java\jdk-11\bin;C:\Program Files\Common Files\Oracle\Java\javapath;C:\Program Files (x86)\Common Files\Oracle\Java\javapath;C:\Windows\system32;C:\Windows;C:\Windows\System32\Wbem;C:\Windows\System32\WindowsPowerShell\v1.0\;C:\Program Files (x86)\NVIDIA Corporation\PhysX\Common;C:\WINDOWS\system32;C:\WINDOWS;C:\WINDOWS\System32\Wbem;C:\WINDOWS\System32\WindowsPowerShell\v1.0\;C:\WINDOWS\System32\OpenSSH\;C:\Program Files\NVIDIA Corporation\NVIDIA NvDLISR;C:\Program Files\nodejs\;C:\Program Files (x86)\PuTTY\;C:\Program Files\Git\cmd;C:\Program Files\Docker\Docker\resources\bin;C:\Program Files\Bandizip\;C:\Users\gmldu\AppData\Local\Microsoft\WindowsApps;C:\Users\gmldu\AppData\Local\afreeca;C:\Users\gmldu\AppData\Local\Programs\Microsoft VS Code\bin;C:\Users\gmldu\AppData\Roaming\npm;C:\Users\gmldu\AppData\Local\GitHubDesktop\bin;C:\Program Files\JetBrains\IntelliJ IDEA 2023.2.1\bin;
USERNAME=gmldu
OS=Windows_NT
PROCESSOR_IDENTIFIER=Intel64 Family 6 Model 158 Stepping 10, GenuineIntel
TMP=C:\Users\gmldu\AppData\Local\Temp
TEMP=C:\Users\gmldu\AppData\Local\Temp



---------------  S Y S T E M  ---------------

OS:
 Windows 10 , 64 bit Build 19041 (10.0.19041.3636)
OS uptime: 0 days 9:07 hours
Hyper-V role detected

CPU: total 6 (initial active 6) (6 cores per cpu, 1 threads per core) family 6 model 158 stepping 10 microcode 0xb4, cx8, cmov, fxsr, mmx, 3dnowpref, sse, sse2, sse3, ssse3, sse4.1, sse4.2, popcnt, lzcnt, tsc, tscinvbit, avx, avx2, aes, erms, clmul, bmi1, bmi2, adx, fma, vzeroupper, clflush, clflushopt, hv
Processor Information for all 6 processors :
  Max Mhz: 2808, Current Mhz: 2808, Mhz Limit: 2808

Memory: 4k page, system-wide physical 16300M (3727M free)
TotalPageFile size 19300M (AvailPageFile size 39M)
current process WorkingSet (physical memory assigned to process): 11M, peak: 11M
current process commit charge ("private bytes"): 51M, peak: 307M

vm_info: OpenJDK 64-Bit Server VM (17.0.8.1+8-LTS) for windows-amd64 JRE (17.0.8.1+8-LTS), built on Aug 19 2023 03:47:39 by "Administrator" with MS VC++ 15.9 (VS2017)

END.
